<?xml version="1.0" encoding="UTF-8"?>
<coverage generated="1780749074797" clover="3.2.0">
  <project timestamp="1780749074797" name="All files">
    <metrics statements="43" coveredstatements="31" conditionals="11" coveredconditionals="5" methods="15" coveredmethods="8" elements="69" coveredelements="44" complexity="0" loc="43" ncloc="43" packages="2" files="4" classes="4"/>
    <package name="services">
      <metrics statements="24" coveredstatements="15" conditionals="3" coveredconditionals="0" methods="9" coveredmethods="4"/>
      <file name="auth.service.ts" path="C:\Users\milin\OneDrive\Desktop\projects\ResumeAI\server\src\services\auth.service.ts">
        <metrics statements="24" coveredstatements="15" conditionals="3" coveredconditionals="0" methods="9" coveredmethods="4"/>
        <line num="8" count="1" type="stmt"/>
        <line num="27" count="1" type="cond" truecount="0" falsecount="1"/>
        <line num="28" count="0" type="stmt"/>
        <line num="29" count="0" type="cond" truecount="0" falsecount="2"/>
        <line num="30" count="0" type="stmt"/>
        <line num="32" count="0" type="stmt"/>
        <line num="40" count="1" type="stmt"/>
        <line num="41" count="0" type="stmt"/>
        <line num="46" count="0" type="stmt"/>
        <line num="54" count="1" type="stmt"/>
        <line num="55" count="0" type="stmt"/>
        <line num="64" count="1" type="stmt"/>
        <line num="65" count="0" type="stmt"/>
        <line num="73" count="1" type="stmt"/>
        <line num="74" count="0" type="stmt"/>
        <line num="82" count="1" type="stmt"/>
        <line num="83" count="1" type="stmt"/>
        <line num="84" count="1" type="stmt"/>
        <line num="93" count="1" type="stmt"/>
        <line num="94" count="2" type="stmt"/>
        <line num="102" count="1" type="stmt"/>
        <line num="103" count="1" type="stmt"/>
        <line num="115" count="1" type="stmt"/>
        <line num="116" count="2" type="stmt"/>
      </file>
    </package>
    <package name="utils">
      <metrics statements="19" coveredstatements="16" conditionals="8" coveredconditionals="5" methods="6" coveredmethods="4"/>
      <file name="apiError.ts" path="C:\Users\milin\OneDrive\Desktop\projects\ResumeAI\server\src\utils\apiError.ts">
        <metrics statements="10" coveredstatements="8" conditionals="7" coveredconditionals="4" methods="2" coveredmethods="1"/>
        <line num="11" count="5" type="stmt"/>
        <line num="12" count="5" type="stmt"/>
        <line num="13" count="5" type="stmt"/>
        <line num="14" count="5" type="stmt"/>
        <line num="15" count="5" type="stmt"/>
        <line num="16" count="5" type="stmt"/>
        <line num="18" count="5" type="cond" truecount="1" falsecount="1"/>
        <line num="19" count="0" type="stmt"/>
        <line num="21" count="5" type="stmt"/>
        <line num="26" count="0" type="stmt"/>
      </file>
      <file name="apiResponse.ts" path="C:\Users\milin\OneDrive\Desktop\projects\ResumeAI\server\src\utils\apiResponse.ts">
        <metrics statements="6" coveredstatements="5" conditionals="1" coveredconditionals="1" methods="2" coveredmethods="1"/>
        <line num="11" count="4" type="stmt"/>
        <line num="12" count="4" type="stmt"/>
        <line num="13" count="4" type="stmt"/>
        <line num="14" count="4" type="stmt"/>
        <line num="15" count="4" type="stmt"/>
        <line num="19" count="0" type="stmt"/>
      </file>
      <file name="asyncHandler.ts" path="C:\Users\milin\OneDrive\Desktop\projects\ResumeAI\server\src\utils\asyncHandler.ts">
        <metrics statements="3" coveredstatements="3" conditionals="0" coveredconditionals="0" methods="2" coveredmethods="2"/>
        <line num="3" count="1" type="stmt"/>
        <line num="4" count="2" type="stmt"/>
        <line num="5" count="2" type="stmt"/>
      </file>
    </package>
  </project>
</coverage>
