{"C:\\Users\\milin\\OneDrive\\Desktop\\projects\\ResumeAI\\server\\src\\services\\auth.service.ts": {"path":"C:\\Users\\milin\\OneDrive\\Desktop\\projects\\ResumeAI\\server\\src\\services\\auth.service.ts","statementMap":{"0":{"start":{"line":8,"column":27},"end":{"line":8,"column":null}},"1":{"start":{"line":27,"column":31},"end":{"line":33,"column":null}},"2":{"start":{"line":28,"column":16},"end":{"line":28,"column":null}},"3":{"start":{"line":29,"column":2},"end":{"line":31,"column":null}},"4":{"start":{"line":30,"column":4},"end":{"line":30,"column":null}},"5":{"start":{"line":32,"column":2},"end":{"line":32,"column":null}},"6":{"start":{"line":40,"column":26},"end":{"line":47,"column":null}},"7":{"start":{"line":41,"column":18},"end":{"line":45,"column":null}},"8":{"start":{"line":46,"column":2},"end":{"line":46,"column":null}},"9":{"start":{"line":54,"column":28},"end":{"line":56,"column":null}},"10":{"start":{"line":55,"column":2},"end":{"line":55,"column":null}},"11":{"start":{"line":64,"column":26},"end":{"line":66,"column":null}},"12":{"start":{"line":65,"column":2},"end":{"line":65,"column":null}},"13":{"start":{"line":73,"column":26},"end":{"line":75,"column":null}},"14":{"start":{"line":74,"column":2},"end":{"line":74,"column":null}},"15":{"start":{"line":82,"column":28},"end":{"line":85,"column":null}},"16":{"start":{"line":83,"column":15},"end":{"line":83,"column":null}},"17":{"start":{"line":84,"column":2},"end":{"line":84,"column":null}},"18":{"start":{"line":93,"column":31},"end":{"line":95,"column":null}},"19":{"start":{"line":94,"column":2},"end":{"line":94,"column":null}},"20":{"start":{"line":102,"column":13},"end":{"line":108,"column":null}},"21":{"start":{"line":103,"column":2},"end":{"line":107,"column":null}},"22":{"start":{"line":115,"column":13},"end":{"line":117,"column":null}},"23":{"start":{"line":116,"column":2},"end":{"line":116,"column":null}}},"fnMap":{"0":{"name":"(anonymous_0)","decl":{"start":{"line":27,"column":31},"end":{"line":27,"column":38}},"loc":{"start":{"line":27,"column":101},"end":{"line":33,"column":null}},"line":27},"1":{"name":"(anonymous_1)","decl":{"start":{"line":40,"column":26},"end":{"line":40,"column":33}},"loc":{"start":{"line":40,"column":78},"end":{"line":47,"column":null}},"line":40},"2":{"name":"(anonymous_2)","decl":{"start":{"line":54,"column":28},"end":{"line":54,"column":35}},"loc":{"start":{"line":54,"column":73},"end":{"line":56,"column":null}},"line":54},"3":{"name":"(anonymous_3)","decl":{"start":{"line":64,"column":26},"end":{"line":64,"column":33}},"loc":{"start":{"line":64,"column":97},"end":{"line":66,"column":null}},"line":64},"4":{"name":"(anonymous_4)","decl":{"start":{"line":73,"column":26},"end":{"line":73,"column":33}},"loc":{"start":{"line":73,"column":84},"end":{"line":75,"column":null}},"line":73},"5":{"name":"(anonymous_5)","decl":{"start":{"line":82,"column":28},"end":{"line":82,"column":35}},"loc":{"start":{"line":82,"column":78},"end":{"line":85,"column":null}},"line":82},"6":{"name":"(anonymous_6)","decl":{"start":{"line":93,"column":31},"end":{"line":93,"column":38}},"loc":{"start":{"line":93,"column":106},"end":{"line":95,"column":null}},"line":93},"7":{"name":"(anonymous_7)","decl":{"start":{"line":102,"column":13},"end":{"line":102,"column":30}},"loc":{"start":{"line":102,"column":57},"end":{"line":108,"column":null}},"line":102},"8":{"name":"(anonymous_8)","decl":{"start":{"line":115,"column":13},"end":{"line":115,"column":28}},"loc":{"start":{"line":115,"column":71},"end":{"line":117,"column":null}},"line":115}},"branchMap":{"0":{"loc":{"start":{"line":27,"column":53},"end":{"line":27,"column":101}},"type":"default-arg","locations":[{"start":{"line":27,"column":68},"end":{"line":27,"column":101}}],"line":27},"1":{"loc":{"start":{"line":29,"column":2},"end":{"line":31,"column":null}},"type":"if","locations":[{"start":{"line":29,"column":2},"end":{"line":31,"column":null}},{"start":{},"end":{}}],"line":29}},"s":{"0":1,"1":1,"2":0,"3":0,"4":0,"5":0,"6":1,"7":0,"8":0,"9":1,"10":0,"11":1,"12":0,"13":1,"14":0,"15":1,"16":1,"17":1,"18":1,"19":2,"20":1,"21":1,"22":1,"23":2},"f":{"0":0,"1":0,"2":0,"3":0,"4":0,"5":1,"6":2,"7":1,"8":2},"b":{"0":[0],"1":[0,0]},"meta":{"lastBranch":2,"lastFunction":9,"lastStatement":24,"seen":{"s:8:27:8:Infinity":0,"s:27:31:33:Infinity":1,"f:27:31:27:38":0,"b:27:68:27:101":0,"s:28:16:28:Infinity":2,"b:29:2:31:Infinity:undefined:undefined:undefined:undefined":1,"s:29:2:31:Infinity":3,"s:30:4:30:Infinity":4,"s:32:2:32:Infinity":5,"s:40:26:47:Infinity":6,"f:40:26:40:33":1,"s:41:18:45:Infinity":7,"s:46:2:46:Infinity":8,"s:54:28:56:Infinity":9,"f:54:28:54:35":2,"s:55:2:55:Infinity":10,"s:64:26:66:Infinity":11,"f:64:26:64:33":3,"s:65:2:65:Infinity":12,"s:73:26:75:Infinity":13,"f:73:26:73:33":4,"s:74:2:74:Infinity":14,"s:82:28:85:Infinity":15,"f:82:28:82:35":5,"s:83:15:83:Infinity":16,"s:84:2:84:Infinity":17,"s:93:31:95:Infinity":18,"f:93:31:93:38":6,"s:94:2:94:Infinity":19,"s:102:13:108:Infinity":20,"f:102:13:102:30":7,"s:103:2:107:Infinity":21,"s:115:13:117:Infinity":22,"f:115:13:115:28":8,"s:116:2:116:Infinity":23}}}
,"C:\\Users\\milin\\OneDrive\\Desktop\\projects\\ResumeAI\\server\\src\\utils\\apiError.ts": {"path":"C:\\Users\\milin\\OneDrive\\Desktop\\projects\\ResumeAI\\server\\src\\utils\\apiError.ts","statementMap":{"0":{"start":{"line":11,"column":4},"end":{"line":11,"column":null}},"1":{"start":{"line":12,"column":4},"end":{"line":12,"column":null}},"2":{"start":{"line":13,"column":4},"end":{"line":13,"column":null}},"3":{"start":{"line":14,"column":4},"end":{"line":14,"column":null}},"4":{"start":{"line":15,"column":4},"end":{"line":15,"column":null}},"5":{"start":{"line":16,"column":4},"end":{"line":16,"column":null}},"6":{"start":{"line":18,"column":4},"end":{"line":22,"column":null}},"7":{"start":{"line":19,"column":6},"end":{"line":19,"column":null}},"8":{"start":{"line":21,"column":6},"end":{"line":21,"column":null}},"9":{"start":{"line":26,"column":4},"end":{"line":31,"column":null}}},"fnMap":{"0":{"name":"constructor","decl":{"start":{"line":10,"column":2},"end":{"line":10,"column":14}},"loc":{"start":{"line":10,"column":115},"end":{"line":23,"column":null}},"line":10},"1":{"name":"send","decl":{"start":{"line":25,"column":2},"end":{"line":25,"column":7}},"loc":{"start":{"line":25,"column":32},"end":{"line":32,"column":null}},"line":25}},"branchMap":{"0":{"loc":{"start":{"line":10,"column":34},"end":{"line":10,"column":76}},"type":"default-arg","locations":[{"start":{"line":10,"column":52},"end":{"line":10,"column":76}}],"line":10},"1":{"loc":{"start":{"line":10,"column":76},"end":{"line":10,"column":95}},"type":"default-arg","locations":[{"start":{"line":10,"column":89},"end":{"line":10,"column":95}}],"line":10},"2":{"loc":{"start":{"line":10,"column":95},"end":{"line":10,"column":115}},"type":"default-arg","locations":[{"start":{"line":10,"column":111},"end":{"line":10,"column":115}}],"line":10},"3":{"loc":{"start":{"line":18,"column":4},"end":{"line":22,"column":null}},"type":"if","locations":[{"start":{"line":18,"column":4},"end":{"line":22,"column":null}},{"start":{"line":20,"column":11},"end":{"line":22,"column":null}}],"line":18},"4":{"loc":{"start":{"line":30,"column":13},"end":{"line":30,"column":null}},"type":"binary-expr","locations":[{"start":{"line":30,"column":13},"end":{"line":30,"column":27}},{"start":{"line":30,"column":27},"end":{"line":30,"column":null}}],"line":30}},"s":{"0":5,"1":5,"2":5,"3":5,"4":5,"5":5,"6":5,"7":0,"8":5,"9":0},"f":{"0":5,"1":0},"b":{"0":[5],"1":[5],"2":[5],"3":[0,5],"4":[0,0]},"meta":{"lastBranch":5,"lastFunction":2,"lastStatement":10,"seen":{"f:10:2:10:14":0,"b:10:52:10:76":0,"b:10:89:10:95":1,"b:10:111:10:115":2,"s:11:4:11:Infinity":0,"s:12:4:12:Infinity":1,"s:13:4:13:Infinity":2,"s:14:4:14:Infinity":3,"s:15:4:15:Infinity":4,"s:16:4:16:Infinity":5,"b:18:4:22:Infinity:20:11:22:Infinity":3,"s:18:4:22:Infinity":6,"s:19:6:19:Infinity":7,"s:21:6:21:Infinity":8,"f:25:2:25:7":1,"s:26:4:31:Infinity":9,"b:30:13:30:27:30:27:30:Infinity":4}}}
,"C:\\Users\\milin\\OneDrive\\Desktop\\projects\\ResumeAI\\server\\src\\utils\\apiResponse.ts": {"path":"C:\\Users\\milin\\OneDrive\\Desktop\\projects\\ResumeAI\\server\\src\\utils\\apiResponse.ts","statementMap":{"0":{"start":{"line":11,"column":4},"end":{"line":11,"column":null}},"1":{"start":{"line":12,"column":4},"end":{"line":12,"column":null}},"2":{"start":{"line":13,"column":4},"end":{"line":13,"column":null}},"3":{"start":{"line":14,"column":4},"end":{"line":14,"column":null}},"4":{"start":{"line":15,"column":4},"end":{"line":15,"column":null}},"5":{"start":{"line":19,"column":4},"end":{"line":24,"column":null}}},"fnMap":{"0":{"name":"constructor","decl":{"start":{"line":10,"column":2},"end":{"line":10,"column":14}},"loc":{"start":{"line":10,"column":72},"end":{"line":16,"column":null}},"line":10},"1":{"name":"send","decl":{"start":{"line":18,"column":2},"end":{"line":18,"column":7}},"loc":{"start":{"line":18,"column":32},"end":{"line":25,"column":null}},"line":18}},"branchMap":{"0":{"loc":{"start":{"line":10,"column":43},"end":{"line":10,"column":72}},"type":"default-arg","locations":[{"start":{"line":10,"column":61},"end":{"line":10,"column":72}}],"line":10}},"s":{"0":4,"1":4,"2":4,"3":4,"4":4,"5":0},"f":{"0":4,"1":0},"b":{"0":[4]},"meta":{"lastBranch":1,"lastFunction":2,"lastStatement":6,"seen":{"f:10:2:10:14":0,"b:10:61:10:72":0,"s:11:4:11:Infinity":0,"s:12:4:12:Infinity":1,"s:13:4:13:Infinity":2,"s:14:4:14:Infinity":3,"s:15:4:15:Infinity":4,"f:18:2:18:7":1,"s:19:4:24:Infinity":5}}}
,"C:\\Users\\milin\\OneDrive\\Desktop\\projects\\ResumeAI\\server\\src\\utils\\asyncHandler.ts": {"path":"C:\\Users\\milin\\OneDrive\\Desktop\\projects\\ResumeAI\\server\\src\\utils\\asyncHandler.ts","statementMap":{"0":{"start":{"line":3,"column":13},"end":{"line":7,"column":null}},"1":{"start":{"line":4,"column":2},"end":{"line":6,"column":null}},"2":{"start":{"line":5,"column":4},"end":{"line":5,"column":null}}},"fnMap":{"0":{"name":"(anonymous_0)","decl":{"start":{"line":3,"column":13},"end":{"line":3,"column":29}},"loc":{"start":{"line":3,"column":119},"end":{"line":7,"column":null}},"line":3},"1":{"name":"(anonymous_1)","decl":{"start":{"line":4,"column":2},"end":{"line":4,"column":10}},"loc":{"start":{"line":4,"column":29},"end":{"line":6,"column":null}},"line":4}},"branchMap":{},"s":{"0":1,"1":2,"2":2},"f":{"0":2,"1":2},"b":{},"meta":{"lastBranch":0,"lastFunction":2,"lastStatement":3,"seen":{"s:3:13:7:Infinity":0,"f:3:13:3:29":0,"s:4:2:6:Infinity":1,"f:4:2:4:10":1,"s:5:4:5:Infinity":2}}}
}
